<?xml version="1.0" encoding="UTF-8"?>
<!-- Generated by org.testng.reporters.JUnitXMLReporter -->
<testsuite hostname="DESKTOP-IGDBHMG" name="Default test" tests="2" failures="0" timestamp="19 Jun 2017 11:07:51 GMT" time="0.161" errors="0">
  <testcase name="@BeforeClass beforeMainClass" time="0.0" classname="test.LoginTest">
    <failure type="org.testng.TestNGException" message="
Parameter &amp;apos;driverType&amp;apos; is required by @Configuration on method beforeMainClass but has not been marked @Optional or defined
in C:\Users\Tej\AppData\Local\Temp\testng-eclipse-662103081\testng-customsuite.xml">
      <![CDATA[org.testng.TestNGException: 
Parameter 'driverType' is required by @Configuration on method beforeMainClass but has not been marked @Optional or defined
in C:\Users\Tej\AppData\Local\Temp\testng-eclipse-662103081\testng-customsuite.xml
	at org.testng.internal.Parameters.createParameters(Parameters.java:154)
	at org.testng.internal.Parameters.createParameters(Parameters.java:361)
	at org.testng.internal.Parameters.createConfigurationParameters(Parameters.java:84)
	at org.testng.internal.Invoker.invokeConfigurations(Invoker.java:197)
	at org.testng.internal.Invoker.invokeConfigurations(Invoker.java:138)
	at org.testng.internal.TestMethodWorker.invokeBeforeClassMethods(TestMethodWorker.java:170)
	at org.testng.internal.TestMethodWorker.run(TestMethodWorker.java:104)
	at org.testng.TestRunner.privateRun(TestRunner.java:774)
	at org.testng.TestRunner.run(TestRunner.java:624)
	at org.testng.SuiteRunner.runTest(SuiteRunner.java:359)
	at org.testng.SuiteRunner.runSequentially(SuiteRunner.java:354)
	at org.testng.SuiteRunner.privateRun(SuiteRunner.java:312)
	at org.testng.SuiteRunner.run(SuiteRunner.java:261)
	at org.testng.SuiteRunnerWorker.runSuite(SuiteRunnerWorker.java:52)
	at org.testng.SuiteRunnerWorker.run(SuiteRunnerWorker.java:86)
	at org.testng.TestNG.runSuitesSequentially(TestNG.java:1215)
	at org.testng.TestNG.runSuitesLocally(TestNG.java:1140)
	at org.testng.TestNG.run(TestNG.java:1048)
	at org.testng.remote.AbstractRemoteTestNG.run(AbstractRemoteTestNG.java:132)
	at org.testng.remote.RemoteTestNG.initAndRun(RemoteTestNG.java:230)
	at org.testng.remote.RemoteTestNG.main(RemoteTestNG.java:76)
]]>
    </failure>
  </testcase> <!-- @BeforeClass beforeMainClass -->
  <testcase name="@BeforeMethod beforeMethod" time="0.0" classname="test.LoginTest">
    <skipped/>
  </testcase> <!-- @BeforeMethod beforeMethod -->
  <testcase name="@AfterMethod afterMethod" time="0.0" classname="test.LoginTest">
    <skipped/>
  </testcase> <!-- @AfterMethod afterMethod -->
  <testcase name="@BeforeMethod beforeMethod" time="0.0" classname="test.LoginTest">
    <skipped/>
  </testcase> <!-- @BeforeMethod beforeMethod -->
  <testcase name="@AfterMethod afterMethod" time="0.0" classname="test.LoginTest">
    <skipped/>
  </testcase> <!-- @AfterMethod afterMethod -->
  <testcase name="@AfterClass afterMainClass" time="0.0" classname="test.LoginTest">
    <skipped/>
  </testcase> <!-- @AfterClass afterMainClass -->
  <testcase name="@AfterTest afterMainTest" time="0.0" classname="test.LoginTest">
    <skipped/>
  </testcase> <!-- @AfterTest afterMainTest -->
  <testcase name="testLoginWithInValidCredential" time="0.003" classname="test.LoginTest">
    <skipped/>
  </testcase> <!-- testLoginWithInValidCredential -->
  <testcase name="testLoginWithValidCredential" time="0.005" classname="test.LoginTest">
    <skipped/>
  </testcase> <!-- testLoginWithValidCredential -->
</testsuite> <!-- Default test -->
